    Checking memchr v2.7.6
   Compiling libc v0.2.177
    Checking raw-cpuid v11.6.0
   Compiling serde_json v1.0.145
    Checking core-foundation-sys v0.8.7
    Checking tracing-core v0.1.34
   Compiling indexmap v2.12.0
   Compiling cc v1.2.41
    Checking num-integer v0.1.46
    Checking objc2-core-foundation v0.3.2
    Checking dispatch2 v0.3.0
    Checking bytemuck v1.24.0
    Checking rayon v1.11.0
    Checking smallvec v1.15.1
    Checking castaway v0.2.4
    Checking monostate v0.1.18
    Checking clap_builder v4.5.49
    Checking serde_plain v1.0.2
    Checking dary_heap v0.3.8
    Checking anstream v0.6.21
    Checking smallvec v2.0.0-alpha.11
    Checking arrayvec v0.7.6
    Checking aho-corasick v1.1.3
    Checking nom v7.1.3
    Checking compact_str v0.9.0
    Checking unicode-normalization-alignments v0.1.12
    Checking tracing v0.1.41
    Checking num-complex v0.4.6
    Checking dyn-stack v0.13.2
    Checking safe_arch v0.7.4
    Checking num-bigint v0.4.6
    Checking num-iter v0.1.45
    Checking wide v0.7.33
   Compiling toml_edit v0.23.7
    Checking getrandom v0.3.4
    Checking sysctl v0.6.0
    Checking malloc_buf v0.0.6
    Checking core-foundation v0.9.4
    Checking memmap2 v0.9.8
    Checking num_cpus v1.17.0
    Checking console v0.15.11
    Checking parking_lot_core v0.9.12
    Checking core-foundation v0.10.1
    Checking regex-automata v0.4.13
    Checking pulp v0.21.5
    Checking objc2-foundation v0.3.2
   Compiling onig_sys v69.9.1
   Compiling esaxx-rs v0.1.10
    Checking rand_core v0.9.3
    Checking ahash v0.8.12
    Checking objc v0.2.7
    Checking safetensors v0.4.5
    Checking schemars v1.0.4
    Checking tinytemplate v1.2.1
    Checking dashmap v6.1.0
    Checking parking_lot v0.12.5
    Checking core-graphics-types v0.1.3
    Checking indicatif v0.17.11
    Checking core-graphics-types v0.2.0
    Checking spm_precompiled v0.1.4
    Checking clap v4.5.49
   Compiling proc-macro-crate v3.4.0
    Checking num-rational v0.4.2
    Checking rand_chacha v0.9.0
    Checking metal v0.29.0
    Checking metal v0.32.0
    Checking rayon-cond v0.4.0
    Checking rand v0.9.2
    Checking num v0.4.3
   Compiling num_enum_derive v0.7.5
    Checking rand_distr v0.5.1
    Checking half v2.7.1
    Checking num_enum v0.7.5
    Checking regex v1.12.2
    Checking fancy-regex v0.13.0
    Checking float8 v0.4.2
    Checking ciborium-ll v0.2.2
    Checking env_filter v0.1.4
    Checking ciborium v0.2.2
    Checking zip v1.1.4
    Checking env_logger v0.11.8
    Checking criterion v0.7.0
    Checking gemm-common v0.18.2
    Checking gemm-f32 v0.18.2
    Checking gemm-c64 v0.18.2
    Checking gemm-c32 v0.18.2
    Checking gemm-f64 v0.18.2
    Checking gemm-f16 v0.18.2
    Checking gemm v0.18.2
    Checking ug v0.5.0
    Checking onig v6.5.1
    Checking tokenizers v0.22.1
    Checking ug-metal v0.5.0
    Checking objc2-metal v0.3.2
    Checking candle-metal-kernels v0.9.1 (https://github.com/huggingface/candle?branch=main#2bce4e54)
    Checking candle-core v0.9.1 (https://github.com/huggingface/candle?branch=main#2bce4e54)
    Checking candle-nn v0.9.1 (https://github.com/huggingface/candle?branch=main#2bce4e54)
    Checking candle-transformers v0.9.1 (https://github.com/huggingface/candle?branch=main#2bce4e54)
    Checking cyrup_simd v0.1.0 (/Volumes/samsung_t9/cyrup/packages/simd)
    Finished `dev` profile [unoptimized + debuginfo] target(s) in 16.37s
