    Blocking waiting for file lock on build directory
    Checking cyrup_candle v0.1.0 (/Volumes/samsung_t9/cyrup/packages/candle)
   Compiling sweetmcp-pingora v0.3.1 (/Volumes/samsung_t9/cyrup/packages/sweetmcp/packages/pingora)
error: unused import: `get_model_info`
 --> packages/candle/src/capability/text_embedding/stella/base.rs:3:72
  |
3 | use super::config::{STELLA_400M_MODEL_INFO, detect_variant, embed_dim, get_model_info};
  |                                                                        ^^^^^^^^^^^^^^
  |
  = note: `-D unused-imports` implied by `-D warnings`
  = help: to override `-D warnings` add `#[allow(unused_imports)]`

error: unused import: `get_model_info`
 --> packages/candle/src/capability/text_embedding/stella/loaded.rs:3:72
  |
3 | use super::config::{STELLA_400M_MODEL_INFO, detect_variant, embed_dim, get_model_info};
  |                                                                        ^^^^^^^^^^^^^^

error: static `STELLA_1_5B_MODEL_INFO` is never used
  --> packages/candle/src/capability/text_embedding/stella/config.rs:48:19
   |
48 | pub(crate) static STELLA_1_5B_MODEL_INFO: CandleModelInfo = CandleModelInfo {
   |                   ^^^^^^^^^^^^^^^^^^^^^^
   |
   = note: `-D dead-code` implied by `-D warnings`
   = help: to override `-D warnings` add `#[allow(dead_code)]`

error: function `get_model_info` is never used
  --> packages/candle/src/capability/text_embedding/stella/config.rs:88:15
   |
88 | pub(crate) fn get_model_info(registry_key: &str) -> &'static CandleModelInfo {
   |               ^^^^^^^^^^^^^^

error: could not compile `cyrup_candle` (lib) due to 4 previous errors
warning: build failed, waiting for other jobs to finish...
error: could not compile `cyrup_candle` (lib test) due to 4 previous errors
